<?xml version="1.0" encoding="UTF-8"?>
<!-- Generated by org.testng.reporters.JUnitXMLReporter -->
<testsuite hostname="nikhilwin10pc" ignored="0" name="Test" tests="8" failures="0" timestamp="2022-03-12T11:56:08 IST" time="7.223" errors="0">
  <testcase name="TC1" time="2.722" classname="org.testing.TestScripts.TC1_PostRequest"/>
  <testcase name="TC2" time="0.095" classname="org.testing.TestScripts.TC2_GetRequest"/>
  <testcase name="TC3" time="0.065" classname="org.testing.TestScripts.TC3_GetAllRecords"/>
  <testcase name="TC4" time="0.05" classname="org.testing.TestScripts.TC4_PutRequest"/>
  <testcase name="TC5" time="0.065" classname="org.testing.TestScripts.TC5_DeleteRequest"/>
  <testcase name="TC6" time="1.763" classname="org.testing.TestScripts.TC6_EMP_GetAll"/>
  <testcase name="TC9" time="1.305" classname="org.testing.TestScripts.TC9_Get_EMP"/>
  <testcase name="TC10" time="1.068" classname="org.testing.TestScripts.TC10_Delete_EMP"/>
</testsuite> <!-- Test -->
